build/app/intermediates/manifest_merge_blame_file/debug/manifest-merger-blame-debug-report.txt
1<?xml version="1.0" encoding="utf-8"?>
2<manifest xmlns:android="http://schemas.android.com/apk/res/android"
3    package="com.example.snap_meal"
4    android:versionCode="1"
5    android:versionName="1.0.0" >
6
7    <uses-sdk
8        android:minSdkVersion="23"
9        android:targetSdkVersion="35" />
10    <!--
11         The INTERNET permission is required for development. Specifically,
12         the Flutter tool needs it to communicate with the running application
13         to allow setting breakpoints, to provide hot reload, etc.
14    -->
15    <uses-permission android:name="android.permission.INTERNET" />
15-->src\debug\AndroidManifest.xml:6:5-66
15-->src\debug\AndroidManifest.xml:6:22-64
16    <!--
17     Required to query activities that can process text, see:
18         https://developer.android.com/training/package-visibility and
19         https://developer.android.com/reference/android/content/Intent#ACTION_PROCESS_TEXT.
20
21         In particular, this is used by the Flutter engine in io.flutter.plugin.text.ProcessTextPlugin.
22    -->
23    <queries>
23-->src\main\AndroidManifest.xml:39:5-44:15
24        <intent>
24-->src\main\AndroidManifest.xml:40:9-43:18
25            <action android:name="android.intent.action.PROCESS_TEXT" />
25-->src\main\AndroidManifest.xml:41:13-72
25-->src\main\AndroidManifest.xml:41:21-70
26
27            <data android:mimeType="text/plain" />
27-->src\main\AndroidManifest.xml:42:13-50
27-->src\main\AndroidManifest.xml:42:19-48
28        </intent>
29    </queries>
30
31    <uses-feature android:name="android.hardware.camera.any" />
31-->[:camera_android_camerax] AndroidManifest.xml:7:5-64
31-->[:camera_android_camerax] AndroidManifest.xml:7:19-61
32
33    <uses-permission android:name="android.permission.CAMERA" />
33-->[:camera_android_camerax] AndroidManifest.xml:9:5-65
33-->[:camera_android_camerax] AndroidManifest.xml:9:22-62
34    <uses-permission android:name="android.permission.RECORD_AUDIO" />
34-->[:camera_android_camerax] AndroidManifest.xml:10:5-71
34-->[:camera_android_camerax] AndroidManifest.xml:10:22-68
35    <uses-permission
35-->[:camera_android_camerax] AndroidManifest.xml:11:5-13:38
36        android:name="android.permission.WRITE_EXTERNAL_STORAGE"
36-->[:camera_android_camerax] AndroidManifest.xml:12:9-65
37        android:maxSdkVersion="28" />
37-->[:camera_android_camerax] AndroidManifest.xml:13:9-35
38    <uses-permission android:name="android.permission.READ_EXTERNAL_STORAGE" />
39    <uses-permission android:name="android.permission.ACCESS_NETWORK_STATE" />
39-->[com.google.firebase:firebase-auth:23.1.0] AndroidManifest.xml:26:5-79
39-->[com.google.firebase:firebase-auth:23.1.0] AndroidManifest.xml:26:22-76
40    <uses-permission android:name="com.google.android.providers.gsf.permission.READ_GSERVICES" />
40-->[com.google.android.recaptcha:recaptcha:18.5.1] AndroidManifest.xml:9:5-98
40-->[com.google.android.recaptcha:recaptcha:18.5.1] AndroidManifest.xml:9:22-95
41
42    <permission
42-->[androidx.core:core:1.13.1] AndroidManifest.xml:22:5-24:47
43        android:name="com.example.snap_meal.DYNAMIC_RECEIVER_NOT_EXPORTED_PERMISSION"
43-->[androidx.core:core:1.13.1] AndroidManifest.xml:23:9-81
44        android:protectionLevel="signature" />
44-->[androidx.core:core:1.13.1] AndroidManifest.xml:24:9-44
45
46    <uses-permission android:name="com.example.snap_meal.DYNAMIC_RECEIVER_NOT_EXPORTED_PERMISSION" />
46-->[androidx.core:core:1.13.1] AndroidManifest.xml:26:5-97
46-->[androidx.core:core:1.13.1] AndroidManifest.xml:26:22-94
47
48    <application
49        android:name="android.app.Application"
50        android:appComponentFactory="androidx.core.app.CoreComponentFactory"
50-->[androidx.core:core:1.13.1] AndroidManifest.xml:28:18-86
51        android:debuggable="true"
52        android:extractNativeLibs="false"
53        android:icon="@mipmap/ic_launcher"
54        android:label="snap_meal" >
55        <activity
56            android:name="com.example.snap_meal.MainActivity"
57            android:configChanges="orientation|keyboardHidden|keyboard|screenSize|smallestScreenSize|locale|layoutDirection|fontScale|screenLayout|density|uiMode"
58            android:exported="true"
59            android:hardwareAccelerated="true"
60            android:launchMode="singleTop"
61            android:taskAffinity=""
62            android:theme="@style/LaunchTheme"
63            android:windowSoftInputMode="adjustResize" >
64
65            <!--
66                 Specifies an Android theme to apply to this Activity as soon as
67                 the Android process has started. This theme is visible to the user
68                 while the Flutter UI initializes. After that, this theme continues
69                 to determine the Window background behind the Flutter UI.
70            -->
71            <meta-data
72                android:name="io.flutter.embedding.android.NormalTheme"
73                android:resource="@style/NormalTheme" />
74
75            <intent-filter>
76                <action android:name="android.intent.action.MAIN" />
77
78                <category android:name="android.intent.category.LAUNCHER" />
79            </intent-filter>
80        </activity>
81        <!--
82             Don't delete the meta-data below.
83             This is used by the Flutter tool to generate GeneratedPluginRegistrant.java
84        -->
85        <meta-data
86            android:name="flutterEmbedding"
87            android:value="2" />
88
89        <service
89-->[:cloud_firestore] AndroidManifest.xml:8:9-12:19
90            android:name="com.google.firebase.components.ComponentDiscoveryService"
90-->[:cloud_firestore] AndroidManifest.xml:8:18-89
91            android:directBootAware="true"
91-->[com.google.firebase:firebase-common:21.0.0] AndroidManifest.xml:32:13-43
92            android:exported="false" >
92-->[com.google.firebase:firebase-auth:23.1.0] AndroidManifest.xml:68:13-37
93            <meta-data
93-->[:cloud_firestore] AndroidManifest.xml:9:13-11:85
94                android:name="com.google.firebase.components:io.flutter.plugins.firebase.firestore.FlutterFirebaseFirestoreRegistrar"
94-->[:cloud_firestore] AndroidManifest.xml:10:17-134
95                android:value="com.google.firebase.components.ComponentRegistrar" />
95-->[:cloud_firestore] AndroidManifest.xml:11:17-82
96            <meta-data
96-->[:firebase_auth] AndroidManifest.xml:9:13-11:85
97                android:name="com.google.firebase.components:io.flutter.plugins.firebase.auth.FlutterFirebaseAuthRegistrar"
97-->[:firebase_auth] AndroidManifest.xml:10:17-124
98                android:value="com.google.firebase.components.ComponentRegistrar" />
98-->[:firebase_auth] AndroidManifest.xml:11:17-82
99            <meta-data
99-->[:firebase_core] AndroidManifest.xml:9:13-11:85
100                android:name="com.google.firebase.components:io.flutter.plugins.firebase.core.FlutterFirebaseCoreRegistrar"
100-->[:firebase_core] AndroidManifest.xml:10:17-124
101                android:value="com.google.firebase.components.ComponentRegistrar" />
101-->[:firebase_core] AndroidManifest.xml:11:17-82
102            <meta-data
102-->[com.google.firebase:firebase-auth:23.1.0] AndroidManifest.xml:69:13-71:85
103                android:name="com.google.firebase.components:com.google.firebase.auth.FirebaseAuthRegistrar"
103-->[com.google.firebase:firebase-auth:23.1.0] AndroidManifest.xml:70:17-109
104                android:value="com.google.firebase.components.ComponentRegistrar" />
104-->[com.google.firebase:firebase-auth:23.1.0] AndroidManifest.xml:71:17-82
105            <meta-data
105-->[com.google.firebase:firebase-firestore:25.1.1] AndroidManifest.xml:17:13-19:85
106                android:name="com.google.firebase.components:com.google.firebase.firestore.FirebaseFirestoreKtxRegistrar"
106-->[com.google.firebase:firebase-firestore:25.1.1] AndroidManifest.xml:18:17-122
107                android:value="com.google.firebase.components.ComponentRegistrar" />
107-->[com.google.firebase:firebase-firestore:25.1.1] AndroidManifest.xml:19:17-82
108            <meta-data
108-->[com.google.firebase:firebase-firestore:25.1.1] AndroidManifest.xml:20:13-22:85
109                android:name="com.google.firebase.components:com.google.firebase.firestore.FirestoreRegistrar"
109-->[com.google.firebase:firebase-firestore:25.1.1] AndroidManifest.xml:21:17-111
110                android:value="com.google.firebase.components.ComponentRegistrar" />
110-->[com.google.firebase:firebase-firestore:25.1.1] AndroidManifest.xml:22:17-82
111            <meta-data
111-->[com.google.firebase:firebase-common-ktx:21.0.0] AndroidManifest.xml:12:13-14:85
112                android:name="com.google.firebase.components:com.google.firebase.ktx.FirebaseCommonLegacyRegistrar"
112-->[com.google.firebase:firebase-common-ktx:21.0.0] AndroidManifest.xml:13:17-116
113                android:value="com.google.firebase.components.ComponentRegistrar" />
113-->[com.google.firebase:firebase-common-ktx:21.0.0] AndroidManifest.xml:14:17-82
114            <meta-data
114-->[com.google.firebase:firebase-common:21.0.0] AndroidManifest.xml:35:13-37:85
115                android:name="com.google.firebase.components:com.google.firebase.FirebaseCommonKtxRegistrar"
115-->[com.google.firebase:firebase-common:21.0.0] AndroidManifest.xml:36:17-109
116                android:value="com.google.firebase.components.ComponentRegistrar" />
116-->[com.google.firebase:firebase-common:21.0.0] AndroidManifest.xml:37:17-82
117        </service>
118
119        <provider
119-->[:image_picker_android] AndroidManifest.xml:9:9-17:20
120            android:name="io.flutter.plugins.imagepicker.ImagePickerFileProvider"
120-->[:image_picker_android] AndroidManifest.xml:10:13-82
121            android:authorities="com.example.snap_meal.flutter.image_provider"
121-->[:image_picker_android] AndroidManifest.xml:11:13-74
122            android:exported="false"
122-->[:image_picker_android] AndroidManifest.xml:12:13-37
123            android:grantUriPermissions="true" >
123-->[:image_picker_android] AndroidManifest.xml:13:13-47
124            <meta-data
124-->[:image_picker_android] AndroidManifest.xml:14:13-16:75
125                android:name="android.support.FILE_PROVIDER_PATHS"
125-->[:image_picker_android] AndroidManifest.xml:15:17-67
126                android:resource="@xml/flutter_image_picker_file_paths" />
126-->[:image_picker_android] AndroidManifest.xml:16:17-72
127        </provider> <!-- Trigger Google Play services to install the backported photo picker module. -->
128        <service
128-->[:image_picker_android] AndroidManifest.xml:19:9-31:19
129            android:name="com.google.android.gms.metadata.ModuleDependencies"
129-->[:image_picker_android] AndroidManifest.xml:20:13-78
130            android:enabled="false"
130-->[:image_picker_android] AndroidManifest.xml:21:13-36
131            android:exported="false" >
131-->[:image_picker_android] AndroidManifest.xml:22:13-37
132            <intent-filter>
132-->[:image_picker_android] AndroidManifest.xml:24:13-26:29
133                <action android:name="com.google.android.gms.metadata.MODULE_DEPENDENCIES" />
133-->[:image_picker_android] AndroidManifest.xml:25:17-94
133-->[:image_picker_android] AndroidManifest.xml:25:25-91
134            </intent-filter>
135
136            <meta-data
136-->[:image_picker_android] AndroidManifest.xml:28:13-30:36
137                android:name="photopicker_activity:0:required"
137-->[:image_picker_android] AndroidManifest.xml:29:17-63
138                android:value="" />
138-->[:image_picker_android] AndroidManifest.xml:30:17-33
139        </service>
140        <service
140-->[androidx.camera:camera-camera2:1.4.1] AndroidManifest.xml:24:9-33:19
141            android:name="androidx.camera.core.impl.MetadataHolderService"
141-->[androidx.camera:camera-camera2:1.4.1] AndroidManifest.xml:25:13-75
142            android:enabled="false"
142-->[androidx.camera:camera-camera2:1.4.1] AndroidManifest.xml:26:13-36
143            android:exported="false" >
143-->[androidx.camera:camera-camera2:1.4.1] AndroidManifest.xml:27:13-37
144            <meta-data
144-->[androidx.camera:camera-camera2:1.4.1] AndroidManifest.xml:30:13-32:89
145                android:name="androidx.camera.core.impl.MetadataHolderService.DEFAULT_CONFIG_PROVIDER"
145-->[androidx.camera:camera-camera2:1.4.1] AndroidManifest.xml:31:17-103
146                android:value="androidx.camera.camera2.Camera2Config$DefaultProvider" />
146-->[androidx.camera:camera-camera2:1.4.1] AndroidManifest.xml:32:17-86
147        </service>
148
149        <activity
149-->[com.google.firebase:firebase-auth:23.1.0] AndroidManifest.xml:29:9-46:20
150            android:name="com.google.firebase.auth.internal.GenericIdpActivity"
150-->[com.google.firebase:firebase-auth:23.1.0] AndroidManifest.xml:30:13-80
151            android:excludeFromRecents="true"
151-->[com.google.firebase:firebase-auth:23.1.0] AndroidManifest.xml:31:13-46
152            android:exported="true"
152-->[com.google.firebase:firebase-auth:23.1.0] AndroidManifest.xml:32:13-36
153            android:launchMode="singleTask"
153-->[com.google.firebase:firebase-auth:23.1.0] AndroidManifest.xml:33:13-44
154            android:theme="@android:style/Theme.Translucent.NoTitleBar" >
154-->[com.google.firebase:firebase-auth:23.1.0] AndroidManifest.xml:34:13-72
155            <intent-filter>
155-->[com.google.firebase:firebase-auth:23.1.0] AndroidManifest.xml:35:13-45:29
156                <action android:name="android.intent.action.VIEW" />
156-->[com.google.firebase:firebase-auth:23.1.0] AndroidManifest.xml:36:17-69
156-->[com.google.firebase:firebase-auth:23.1.0] AndroidManifest.xml:36:25-66
157
158                <category android:name="android.intent.category.DEFAULT" />
158-->[com.google.firebase:firebase-auth:23.1.0] AndroidManifest.xml:38:17-76
158-->[com.google.firebase:firebase-auth:23.1.0] AndroidManifest.xml:38:27-73
159                <category android:name="android.intent.category.BROWSABLE" />
159-->[com.google.firebase:firebase-auth:23.1.0] AndroidManifest.xml:39:17-78
159-->[com.google.firebase:firebase-auth:23.1.0] AndroidManifest.xml:39:27-75
160
161                <data
161-->src\main\AndroidManifest.xml:42:13-50
162                    android:host="firebase.auth"
163                    android:path="/"
164                    android:scheme="genericidp" />
165            </intent-filter>
166        </activity>
167        <activity
167-->[com.google.firebase:firebase-auth:23.1.0] AndroidManifest.xml:47:9-64:20
168            android:name="com.google.firebase.auth.internal.RecaptchaActivity"
168-->[com.google.firebase:firebase-auth:23.1.0] AndroidManifest.xml:48:13-79
169            android:excludeFromRecents="true"
169-->[com.google.firebase:firebase-auth:23.1.0] AndroidManifest.xml:49:13-46
170            android:exported="true"
170-->[com.google.firebase:firebase-auth:23.1.0] AndroidManifest.xml:50:13-36
171            android:launchMode="singleTask"
171-->[com.google.firebase:firebase-auth:23.1.0] AndroidManifest.xml:51:13-44
172            android:theme="@android:style/Theme.Translucent.NoTitleBar" >
172-->[com.google.firebase:firebase-auth:23.1.0] AndroidManifest.xml:52:13-72
173            <intent-filter>
173-->[com.google.firebase:firebase-auth:23.1.0] AndroidManifest.xml:53:13-63:29
174                <action android:name="android.intent.action.VIEW" />
174-->[com.google.firebase:firebase-auth:23.1.0] AndroidManifest.xml:36:17-69
174-->[com.google.firebase:firebase-auth:23.1.0] AndroidManifest.xml:36:25-66
175
176                <category android:name="android.intent.category.DEFAULT" />
176-->[com.google.firebase:firebase-auth:23.1.0] AndroidManifest.xml:38:17-76
176-->[com.google.firebase:firebase-auth:23.1.0] AndroidManifest.xml:38:27-73
177                <category android:name="android.intent.category.BROWSABLE" />
177-->[com.google.firebase:firebase-auth:23.1.0] AndroidManifest.xml:39:17-78
177-->[com.google.firebase:firebase-auth:23.1.0] AndroidManifest.xml:39:27-75
178
179                <data
179-->src\main\AndroidManifest.xml:42:13-50
180                    android:host="firebase.auth"
181                    android:path="/"
182                    android:scheme="recaptcha" />
183            </intent-filter>
184        </activity>
185
186        <provider
186-->[com.google.firebase:firebase-common:21.0.0] AndroidManifest.xml:23:9-28:39
187            android:name="com.google.firebase.provider.FirebaseInitProvider"
187-->[com.google.firebase:firebase-common:21.0.0] AndroidManifest.xml:24:13-77
188            android:authorities="com.example.snap_meal.firebaseinitprovider"
188-->[com.google.firebase:firebase-common:21.0.0] AndroidManifest.xml:25:13-72
189            android:directBootAware="true"
189-->[com.google.firebase:firebase-common:21.0.0] AndroidManifest.xml:26:13-43
190            android:exported="false"
190-->[com.google.firebase:firebase-common:21.0.0] AndroidManifest.xml:27:13-37
191            android:initOrder="100" />
191-->[com.google.firebase:firebase-common:21.0.0] AndroidManifest.xml:28:13-36
192
193        <service
193-->[androidx.credentials:credentials-play-services-auth:1.2.0-rc01] AndroidManifest.xml:24:9-32:19
194            android:name="androidx.credentials.playservices.CredentialProviderMetadataHolder"
194-->[androidx.credentials:credentials-play-services-auth:1.2.0-rc01] AndroidManifest.xml:25:13-94
195            android:enabled="true"
195-->[androidx.credentials:credentials-play-services-auth:1.2.0-rc01] AndroidManifest.xml:26:13-35
196            android:exported="false" >
196-->[androidx.credentials:credentials-play-services-auth:1.2.0-rc01] AndroidManifest.xml:27:13-37
197            <meta-data
197-->[androidx.credentials:credentials-play-services-auth:1.2.0-rc01] AndroidManifest.xml:29:13-31:104
198                android:name="androidx.credentials.CREDENTIAL_PROVIDER_KEY"
198-->[androidx.credentials:credentials-play-services-auth:1.2.0-rc01] AndroidManifest.xml:30:17-76
199                android:value="androidx.credentials.playservices.CredentialProviderPlayServicesImpl" />
199-->[androidx.credentials:credentials-play-services-auth:1.2.0-rc01] AndroidManifest.xml:31:17-101
200        </service>
201
202        <activity
202-->[androidx.credentials:credentials-play-services-auth:1.2.0-rc01] AndroidManifest.xml:34:9-41:20
203            android:name="androidx.credentials.playservices.HiddenActivity"
203-->[androidx.credentials:credentials-play-services-auth:1.2.0-rc01] AndroidManifest.xml:35:13-76
204            android:configChanges="orientation|screenSize|screenLayout|keyboardHidden"
204-->[androidx.credentials:credentials-play-services-auth:1.2.0-rc01] AndroidManifest.xml:36:13-87
205            android:enabled="true"
205-->[androidx.credentials:credentials-play-services-auth:1.2.0-rc01] AndroidManifest.xml:37:13-35
206            android:exported="false"
206-->[androidx.credentials:credentials-play-services-auth:1.2.0-rc01] AndroidManifest.xml:38:13-37
207            android:fitsSystemWindows="true"
207-->[androidx.credentials:credentials-play-services-auth:1.2.0-rc01] AndroidManifest.xml:39:13-45
208            android:theme="@style/Theme.Hidden" >
208-->[androidx.credentials:credentials-play-services-auth:1.2.0-rc01] AndroidManifest.xml:40:13-48
209        </activity>
210        <activity
210-->[com.google.android.gms:play-services-auth:20.7.0] AndroidManifest.xml:23:9-27:75
211            android:name="com.google.android.gms.auth.api.signin.internal.SignInHubActivity"
211-->[com.google.android.gms:play-services-auth:20.7.0] AndroidManifest.xml:24:13-93
212            android:excludeFromRecents="true"
212-->[com.google.android.gms:play-services-auth:20.7.0] AndroidManifest.xml:25:13-46
213            android:exported="false"
213-->[com.google.android.gms:play-services-auth:20.7.0] AndroidManifest.xml:26:13-37
214            android:theme="@android:style/Theme.Translucent.NoTitleBar" />
214-->[com.google.android.gms:play-services-auth:20.7.0] AndroidManifest.xml:27:13-72
215        <!--
216            Service handling Google Sign-In user revocation. For apps that do not integrate with
217            Google Sign-In, this service will never be started.
218        -->
219        <service
219-->[com.google.android.gms:play-services-auth:20.7.0] AndroidManifest.xml:33:9-37:51
220            android:name="com.google.android.gms.auth.api.signin.RevocationBoundService"
220-->[com.google.android.gms:play-services-auth:20.7.0] AndroidManifest.xml:34:13-89
221            android:exported="true"
221-->[com.google.android.gms:play-services-auth:20.7.0] AndroidManifest.xml:35:13-36
222            android:permission="com.google.android.gms.auth.api.signin.permission.REVOCATION_NOTIFICATION"
222-->[com.google.android.gms:play-services-auth:20.7.0] AndroidManifest.xml:36:13-107
223            android:visibleToInstantApps="true" />
223-->[com.google.android.gms:play-services-auth:20.7.0] AndroidManifest.xml:37:13-48
224
225        <activity
225-->[com.google.android.gms:play-services-base:18.0.1] AndroidManifest.xml:20:9-22:45
226            android:name="com.google.android.gms.common.api.GoogleApiActivity"
226-->[com.google.android.gms:play-services-base:18.0.1] AndroidManifest.xml:20:19-85
227            android:exported="false"
227-->[com.google.android.gms:play-services-base:18.0.1] AndroidManifest.xml:22:19-43
228            android:theme="@android:style/Theme.Translucent.NoTitleBar" />
228-->[com.google.android.gms:play-services-base:18.0.1] AndroidManifest.xml:21:19-78
229
230        <uses-library
230-->[androidx.window:window:1.2.0] AndroidManifest.xml:23:9-25:40
231            android:name="androidx.window.extensions"
231-->[androidx.window:window:1.2.0] AndroidManifest.xml:24:13-54
232            android:required="false" />
232-->[androidx.window:window:1.2.0] AndroidManifest.xml:25:13-37
233        <uses-library
233-->[androidx.window:window:1.2.0] AndroidManifest.xml:26:9-28:40
234            android:name="androidx.window.sidecar"
234-->[androidx.window:window:1.2.0] AndroidManifest.xml:27:13-51
235            android:required="false" />
235-->[androidx.window:window:1.2.0] AndroidManifest.xml:28:13-37
236
237        <meta-data
237-->[com.google.android.gms:play-services-basement:18.4.0] AndroidManifest.xml:6:9-122
238            android:name="com.google.android.gms.version"
238-->[com.google.android.gms:play-services-basement:18.4.0] AndroidManifest.xml:6:20-65
239            android:value="@integer/google_play_services_version" />
239-->[com.google.android.gms:play-services-basement:18.4.0] AndroidManifest.xml:6:66-119
240
241        <provider
241-->[androidx.lifecycle:lifecycle-process:2.7.0] AndroidManifest.xml:24:9-32:20
242            android:name="androidx.startup.InitializationProvider"
242-->[androidx.lifecycle:lifecycle-process:2.7.0] AndroidManifest.xml:25:13-67
243            android:authorities="com.example.snap_meal.androidx-startup"
243-->[androidx.lifecycle:lifecycle-process:2.7.0] AndroidManifest.xml:26:13-68
244            android:exported="false" >
244-->[androidx.lifecycle:lifecycle-process:2.7.0] AndroidManifest.xml:27:13-37
245            <meta-data
245-->[androidx.lifecycle:lifecycle-process:2.7.0] AndroidManifest.xml:29:13-31:52
246                android:name="androidx.lifecycle.ProcessLifecycleInitializer"
246-->[androidx.lifecycle:lifecycle-process:2.7.0] AndroidManifest.xml:30:17-78
247                android:value="androidx.startup" />
247-->[androidx.lifecycle:lifecycle-process:2.7.0] AndroidManifest.xml:31:17-49
248            <meta-data
248-->[androidx.profileinstaller:profileinstaller:1.3.1] AndroidManifest.xml:29:13-31:52
249                android:name="androidx.profileinstaller.ProfileInstallerInitializer"
249-->[androidx.profileinstaller:profileinstaller:1.3.1] AndroidManifest.xml:30:17-85
250                android:value="androidx.startup" />
250-->[androidx.profileinstaller:profileinstaller:1.3.1] AndroidManifest.xml:31:17-49
251        </provider>
252
253        <receiver
253-->[androidx.profileinstaller:profileinstaller:1.3.1] AndroidManifest.xml:34:9-52:20
254            android:name="androidx.profileinstaller.ProfileInstallReceiver"
254-->[androidx.profileinstaller:profileinstaller:1.3.1] AndroidManifest.xml:35:13-76
255            android:directBootAware="false"
255-->[androidx.profileinstaller:profileinstaller:1.3.1] AndroidManifest.xml:36:13-44
256            android:enabled="true"
256-->[androidx.profileinstaller:profileinstaller:1.3.1] AndroidManifest.xml:37:13-35
257            android:exported="true"
257-->[androidx.profileinstaller:profileinstaller:1.3.1] AndroidManifest.xml:38:13-36
258            android:permission="android.permission.DUMP" >
258-->[androidx.profileinstaller:profileinstaller:1.3.1] AndroidManifest.xml:39:13-57
259            <intent-filter>
259-->[androidx.profileinstaller:profileinstaller:1.3.1] AndroidManifest.xml:40:13-42:29
260                <action android:name="androidx.profileinstaller.action.INSTALL_PROFILE" />
260-->[androidx.profileinstaller:profileinstaller:1.3.1] AndroidManifest.xml:41:17-91
260-->[androidx.profileinstaller:profileinstaller:1.3.1] AndroidManifest.xml:41:25-88
261            </intent-filter>
262            <intent-filter>
262-->[androidx.profileinstaller:profileinstaller:1.3.1] AndroidManifest.xml:43:13-45:29
263                <action android:name="androidx.profileinstaller.action.SKIP_FILE" />
263-->[androidx.profileinstaller:profileinstaller:1.3.1] AndroidManifest.xml:44:17-85
263-->[androidx.profileinstaller:profileinstaller:1.3.1] AndroidManifest.xml:44:25-82
264            </intent-filter>
265            <intent-filter>
265-->[androidx.profileinstaller:profileinstaller:1.3.1] AndroidManifest.xml:46:13-48:29
266                <action android:name="androidx.profileinstaller.action.SAVE_PROFILE" />
266-->[androidx.profileinstaller:profileinstaller:1.3.1] AndroidManifest.xml:47:17-88
266-->[androidx.profileinstaller:profileinstaller:1.3.1] AndroidManifest.xml:47:25-85
267            </intent-filter>
268            <intent-filter>
268-->[androidx.profileinstaller:profileinstaller:1.3.1] AndroidManifest.xml:49:13-51:29
269                <action android:name="androidx.profileinstaller.action.BENCHMARK_OPERATION" />
269-->[androidx.profileinstaller:profileinstaller:1.3.1] AndroidManifest.xml:50:17-95
269-->[androidx.profileinstaller:profileinstaller:1.3.1] AndroidManifest.xml:50:25-92
270            </intent-filter>
271        </receiver> <!-- The activities will be merged into the manifest of the hosting app. -->
272        <activity
272-->[com.google.android.play:core-common:2.0.3] AndroidManifest.xml:14:9-18:65
273            android:name="com.google.android.play.core.common.PlayCoreDialogWrapperActivity"
273-->[com.google.android.play:core-common:2.0.3] AndroidManifest.xml:15:13-93
274            android:exported="false"
274-->[com.google.android.play:core-common:2.0.3] AndroidManifest.xml:16:13-37
275            android:stateNotNeeded="true"
275-->[com.google.android.play:core-common:2.0.3] AndroidManifest.xml:17:13-42
276            android:theme="@style/Theme.PlayCore.Transparent" />
276-->[com.google.android.play:core-common:2.0.3] AndroidManifest.xml:18:13-62
277    </application>
278
279</manifest>